<?xml version="1.0" encoding="UTF-8"?>
<testsuite name="edu.touro.mco152.bm.AppTest" tests="12" skipped="0" failures="1" errors="0" timestamp="2026-03-22T18:47:12.925Z" hostname="MacBook-Air-2.local" time="0.049">
  <properties/>
  <testcase name="targetMarkSizeKb_defaultValues_returnsCorrectProduct()" classname="edu.touro.mco152.bm.AppTest" time="0.007"/>
  <testcase name="targetTxSizeKb_performance_tenThousandCallsUnder100ms()" classname="edu.touro.mco152.bm.AppTest" time="0.002"/>
  <testcase name="targetMarkSizeKb_zeroBlockSize_returnsZero()" classname="edu.touro.mco152.bm.AppTest" time="0.0"/>
  <testcase name="updateMetrics_zeroBwMbSec_doesNotThrow()" classname="edu.touro.mco152.bm.AppTest" time="0.001"/>
  <testcase name="updateMetrics_multipleWriteMarks_maxGeAvgGeMin()" classname="edu.touro.mco152.bm.AppTest" time="0.003">
    <failure message="org.opentest4j.AssertionFailedError: cumAvg must be &gt;= cumMin ==&gt; expected: &lt;true&gt; but was: &lt;false&gt;" type="org.opentest4j.AssertionFailedError">org.opentest4j.AssertionFailedError: cumAvg must be &gt;= cumMin ==&gt; expected: &lt;true&gt; but was: &lt;false&gt;
	at org.junit.jupiter.api.AssertionFailureBuilder.build(AssertionFailureBuilder.java:151)
	at org.junit.jupiter.api.AssertionFailureBuilder.buildAndThrow(AssertionFailureBuilder.java:132)
	at org.junit.jupiter.api.AssertTrue.failNotTrue(AssertTrue.java:63)
	at org.junit.jupiter.api.AssertTrue.assertTrue(AssertTrue.java:36)
	at org.junit.jupiter.api.Assertions.assertTrue(Assertions.java:214)
	at edu.touro.mco152.bm.AppTest.updateMetrics_multipleWriteMarks_maxGeAvgGeMin(AppTest.java:152)
	at java.base/java.lang.reflect.Method.invoke(Method.java:565)
	at java.base/java.util.ArrayList.forEach(ArrayList.java:1604)
	at java.base/java.util.ArrayList.forEach(ArrayList.java:1604)
</failure>
  </testcase>
  <testcase name="blockSizeKb=512, numOfBlocks=32, numOfMarks=25 =&gt; 409600 kb" classname="edu.touro.mco152.bm.AppTest" time="0.009"/>
  <testcase name="blockSizeKb=128, numOfBlocks=8, numOfMarks=10 =&gt; 10240 kb" classname="edu.touro.mco152.bm.AppTest" time="0.0"/>
  <testcase name="blockSizeKb=1024, numOfBlocks=64, numOfMarks=5 =&gt; 327680 kb" classname="edu.touro.mco152.bm.AppTest" time="0.001"/>
  <testcase name="blockSizeKb=256, numOfBlocks=16, numOfMarks=1 =&gt; 4096 kb" classname="edu.touro.mco152.bm.AppTest" time="0.0"/>
  <testcase name="targetTxSizeKb_equalsMark_timesNumOfMarks()" classname="edu.touro.mco152.bm.AppTest" time="0.0"/>
  <testcase name="targetMarkSizeKb_zeroBlocks_returnsZero()" classname="edu.touro.mco152.bm.AppTest" time="0.0"/>
  <testcase name="updateMetrics_firstWriteMark_avgEqualsBwMbSec()" classname="edu.touro.mco152.bm.AppTest" time="0.001"/>
  <system-out><![CDATA[]]></system-out>
  <system-err><![CDATA[]]></system-err>
</testsuite>
