<?xml version="1.0" encoding="UTF-8"?>
<testsuite name="edu.touro.mco152.bm.DiskMarkTest" tests="7" skipped="0" failures="0" errors="0" timestamp="2026-05-07T00:56:04.532Z" hostname="MacBook-Air-2.local" time="0.002">
  <properties/>
  <testcase name="getBwMbSecAsString_zeroSpeed_returnsZeroString()" classname="edu.touro.mco152.bm.DiskMarkTest" time="0.0"/>
  <testcase name="setCumAvg_thenGet_returnsSameValue()" classname="edu.touro.mco152.bm.DiskMarkTest" time="0.0"/>
  <testcase name="setBwMbSec_thenGet_returnsSameValue()" classname="edu.touro.mco152.bm.DiskMarkTest" time="0.0"/>
  <testcase name="constructor_readType_returnsReadType()" classname="edu.touro.mco152.bm.DiskMarkTest" time="0.0"/>
  <testcase name="setMarkNum_negativeValue_storedWithoutException()" classname="edu.touro.mco152.bm.DiskMarkTest" time="0.0"/>
  <testcase name="getBwMbSecAsString_validSpeed_conformsToDecimalFormat()" classname="edu.touro.mco152.bm.DiskMarkTest" time="0.0"/>
  <testcase name="constructor_writeType_returnsWriteType()" classname="edu.touro.mco152.bm.DiskMarkTest" time="0.0"/>
  <system-out><![CDATA[]]></system-out>
  <system-err><![CDATA[]]></system-err>
</testsuite>
